<?xml version="1.0" encoding="UTF-8"?>
<!-- Generated by org.testng.reporters.JUnitReportReporter -->
<testsuite skipped="0" hostname="Darshans-MacBook-Pro.local" name="fmuTestExtent.Noticias" tests="3" failures="0" timestamp="18 Sep 2019 07:29:03 GMT" time="48.951" errors="0">
  <testcase name="click_On_noticias" time="12.768" classname="fmuTestExtent.Noticias"/>
  <testcase name="click_On_OneofNoticias" time="7.423" classname="fmuTestExtent.Noticias"/>
  <testcase name="click_On_Noticias_link" time="28.760" classname="fmuTestExtent.Noticias"/>
</testsuite> <!-- fmuTestExtent.Noticias -->
