<?xml version="1.0" encoding="UTF-8"?>
<!-- Generated by org.testng.reporters.JUnitReportReporter -->
<testsuite skipped="0" hostname="Darshans-MacBook-Pro.local" name="fmuTestExtent.ContactUS" tests="1" failures="0" timestamp="18 Sep 2019 08:03:58 GMT" time="12.125" errors="0">
  <testcase name="clickOn_ContactUs" time="12.125" classname="fmuTestExtent.ContactUS"/>
</testsuite> <!-- fmuTestExtent.ContactUS -->
