<?xml version="1.0" encoding="UTF-8"?>
<!-- Generated by org.testng.reporters.JUnitReportReporter -->
<testsuite skipped="0" hostname="Darshans-MacBook-Pro.local" name="fmuTestExtent.Redes_Social" tests="2" failures="0" timestamp="18 Sep 2019 07:29:13 GMT" time="30.465" errors="0">
  <testcase name="clickOn_redes_social" time="1.907" classname="fmuTestExtent.Redes_Social"/>
  <testcase name="Social_Icons" time="28.558" classname="fmuTestExtent.Redes_Social"/>
</testsuite> <!-- fmuTestExtent.Redes_Social -->
