<?xml version="1.0" encoding="UTF-8"?>
<!-- Generated by org.testng.reporters.JUnitReportReporter -->
<testsuite skipped="0" hostname="Darshans-MacBook-Pro.local" name="fmuTestExtent.SPTrance" tests="1" failures="0" timestamp="18 Sep 2019 07:28:33 GMT" time="7.221" errors="0">
  <testcase name="click_On_SPTrance" time="7.221" classname="fmuTestExtent.SPTrance"/>
</testsuite> <!-- fmuTestExtent.SPTrance -->
