<?xml version="1.0" encoding="UTF-8"?>
<!-- Generated by org.testng.reporters.JUnitReportReporter -->
<testsuite name="fmuTestExtent.PerfilAndroid" tests="3" time="0.003" ignored="26" failures="0" timestamp="20 Jun 2019 09:41:52 GMT" skipped="3" hostname="Darshans-MacBook-Pro.local" errors="0">
  <testcase name="click_On_Save_Right_Icon" time="0.001" classname="fmuTestExtent.PerfilAndroid">
    <skipped/>
  </testcase> <!-- click_On_Save_Right_Icon -->
  <testcase name="click_On_Profile_Edit" time="0.001" classname="fmuTestExtent.PerfilAndroid">
    <skipped/>
  </testcase> <!-- click_On_Profile_Edit -->
  <testcase name="click_On_Perfil" time="0.001" classname="fmuTestExtent.PerfilAndroid">
    <skipped/>
  </testcase> <!-- click_On_Perfil -->
  <testcase name="tearDown" classname="com.moofwd.base.TestBase">
    <skipped/>
  </testcase> <!-- tearDown -->
  <testcase name="tearDown" classname="com.moofwd.base.TestBase">
    <skipped/>
  </testcase> <!-- tearDown -->
  <testcase name="tearDown" classname="com.moofwd.base.TestBase">
    <skipped/>
  </testcase> <!-- tearDown -->
  <testcase name="tearDown" classname="com.moofwd.base.TestBase">
    <skipped/>
  </testcase> <!-- tearDown -->
  <testcase name="tearDown" classname="com.moofwd.base.TestBase">
    <skipped/>
  </testcase> <!-- tearDown -->
  <testcase name="tearDown" classname="com.moofwd.base.TestBase">
    <skipped/>
  </testcase> <!-- tearDown -->
  <testcase name="tearDown" classname="com.moofwd.base.TestBase">
    <skipped/>
  </testcase> <!-- tearDown -->
  <testcase name="tearDown" classname="com.moofwd.base.TestBase">
    <skipped/>
  </testcase> <!-- tearDown -->
  <testcase name="tearDown" classname="com.moofwd.base.TestBase">
    <skipped/>
  </testcase> <!-- tearDown -->
  <testcase name="tearDown" classname="com.moofwd.base.TestBase">
    <skipped/>
  </testcase> <!-- tearDown -->
  <testcase name="tearDown" classname="com.moofwd.base.TestBase">
    <skipped/>
  </testcase> <!-- tearDown -->
  <testcase name="tearDown" classname="com.moofwd.base.TestBase">
    <skipped/>
  </testcase> <!-- tearDown -->
  <testcase name="tearDown" classname="com.moofwd.base.TestBase">
    <skipped/>
  </testcase> <!-- tearDown -->
  <testcase name="init" classname="com.moofwd.base.TestBase">
    <skipped/>
  </testcase> <!-- init -->
  <testcase name="init" classname="com.moofwd.base.TestBase">
    <skipped/>
  </testcase> <!-- init -->
  <testcase name="init" classname="com.moofwd.base.TestBase">
    <skipped/>
  </testcase> <!-- init -->
  <testcase name="init" classname="com.moofwd.base.TestBase">
    <skipped/>
  </testcase> <!-- init -->
  <testcase name="init" classname="com.moofwd.base.TestBase">
    <skipped/>
  </testcase> <!-- init -->
  <testcase name="init" classname="com.moofwd.base.TestBase">
    <skipped/>
  </testcase> <!-- init -->
  <testcase name="init" classname="com.moofwd.base.TestBase">
    <skipped/>
  </testcase> <!-- init -->
  <testcase name="init" classname="com.moofwd.base.TestBase">
    <skipped/>
  </testcase> <!-- init -->
  <testcase name="init" classname="com.moofwd.base.TestBase">
    <skipped/>
  </testcase> <!-- init -->
  <testcase name="init" classname="com.moofwd.base.TestBase">
    <skipped/>
  </testcase> <!-- init -->
  <testcase name="init" classname="com.moofwd.base.TestBase">
    <skipped/>
  </testcase> <!-- init -->
  <testcase name="init" classname="com.moofwd.base.TestBase">
    <skipped/>
  </testcase> <!-- init -->
  <testcase name="init" classname="com.moofwd.base.TestBase">
    <skipped/>
  </testcase> <!-- init -->
</testsuite> <!-- fmuTestExtent.PerfilAndroid -->
