<?xml version="1.0" encoding="UTF-8"?>
<!-- Generated by org.testng.reporters.JUnitReportReporter -->
<testsuite skipped="0" hostname="Darshans-MacBook-Pro.local" name="fmuTestExtent.Perfil" tests="3" failures="0" timestamp="18 Sep 2019 07:28:28 GMT" time="41.996" errors="0">
  <testcase name="click_On_Perfil" time="14.450" classname="fmuTestExtent.Perfil"/>
  <testcase name="click_On_Edit_Perfil" time="6.788" classname="fmuTestExtent.Perfil"/>
  <testcase name="click_On_Check_Edition" time="20.758" classname="fmuTestExtent.Perfil"/>
</testsuite> <!-- fmuTestExtent.Perfil -->
