<?xml version="1.0" encoding="UTF-8"?>
<!-- Generated by org.testng.reporters.JUnitReportReporter -->
<testsuite skipped="0" hostname="Darshans-MacBook-Pro.local" name="fmuTestExtent.Eventos" tests="2" failures="0" timestamp="18 Sep 2019 08:03:38 GMT" time="40.341" errors="0">
  <testcase name="click_on_Eventos" time="10.203" classname="fmuTestExtent.Eventos"/>
  <testcase name="click_On_Antigo" time="30.138" classname="fmuTestExtent.Eventos"/>
</testsuite> <!-- fmuTestExtent.Eventos -->
