<?xml version="1.0" encoding="UTF-8"?>
<!-- Generated by org.testng.reporters.JUnitReportReporter -->
<testsuite skipped="0" hostname="Darshans-MacBook-Pro.local" name="fmuTestExtent.Notifications" tests="2" failures="0" timestamp="18 Sep 2019 07:29:08 GMT" time="18.218" errors="0">
  <testcase name="click_On_notifications" time="6.186" classname="fmuTestExtent.Notifications"/>
  <testcase name="click_On_Notifications_settings" time="12.032" classname="fmuTestExtent.Notifications"/>
</testsuite> <!-- fmuTestExtent.Notifications -->
