<?xml version="1.0" encoding="UTF-8"?>
<!-- Generated by org.testng.reporters.JUnitReportReporter -->
<testsuite name="fmuTestExtent.Academico" tests="11" time="0.000" ignored="4" failures="0" timestamp="30 Jul 2019 11:56:43 GMT" skipped="11" hostname="Darshans-MacBook-Pro.local" errors="0">
  <testcase name="click_On_Arquivos" time="0.000" classname="fmuTestExtent.Academico">
    <skipped/>
  </testcase> <!-- click_On_Arquivos -->
  <testcase name="click_On_OneofNotas" time="0.000" classname="fmuTestExtent.Academico">
    <skipped/>
  </testcase> <!-- click_On_OneofNotas -->
  <testcase name="click_On_Academico" time="0.000" classname="fmuTestExtent.Academico">
    <skipped/>
  </testcase> <!-- click_On_Academico -->
  <testcase name="click_On_Disciplinas" time="0.000" classname="fmuTestExtent.Academico">
    <skipped/>
  </testcase> <!-- click_On_Disciplinas -->
  <testcase name="click_On_Participants" time="0.000" classname="fmuTestExtent.Academico">
    <skipped/>
  </testcase> <!-- click_On_Participants -->
  <testcase name="click_On_Faltas_Courses" time="0.000" classname="fmuTestExtent.Academico">
    <skipped/>
  </testcase> <!-- click_On_Faltas_Courses -->
  <testcase name="click_On_OneofDisciplinas" time="0.000" classname="fmuTestExtent.Academico">
    <skipped/>
  </testcase> <!-- click_On_OneofDisciplinas -->
  <testcase name="click_On_Tarefas" time="0.000" classname="fmuTestExtent.Academico">
    <skipped/>
  </testcase> <!-- click_On_Tarefas -->
  <testcase name="click_On_Notas_Courses" time="0.000" classname="fmuTestExtent.Academico">
    <skipped/>
  </testcase> <!-- click_On_Notas_Courses -->
  <testcase name="click_On_Aulas_Courses" time="0.000" classname="fmuTestExtent.Academico">
    <skipped/>
  </testcase> <!-- click_On_Aulas_Courses -->
  <testcase name="click_On_Historica_Courses" time="0.000" classname="fmuTestExtent.Academico">
    <skipped/>
  </testcase> <!-- click_On_Historica_Courses -->
  <testcase name="tearDown" classname="com.moofwd.base.TestBase">
    <skipped/>
  </testcase> <!-- tearDown -->
  <testcase name="tearDown" classname="com.moofwd.base.TestBase">
    <skipped/>
  </testcase> <!-- tearDown -->
  <testcase name="init" classname="com.moofwd.base.TestBase">
    <skipped/>
  </testcase> <!-- init -->
  <testcase name="init" classname="com.moofwd.base.TestBase">
    <skipped/>
  </testcase> <!-- init -->
</testsuite> <!-- fmuTestExtent.Academico -->
