<?xml version="1.0" encoding="UTF-8"?>
<!-- Generated by org.testng.reporters.JUnitReportReporter -->
<testsuite skipped="0" hostname="Darshans-MacBook-Pro.local" name="fmuTestExtent.Services" tests="2" failures="0" timestamp="18 Sep 2019 07:28:43 GMT" time="25.224" errors="0">
  <testcase name="clickOn_Services" time="1.732" classname="fmuTestExtent.Services"/>
  <testcase name="click_On_OneoftheServices" time="23.492" classname="fmuTestExtent.Services"/>
</testsuite> <!-- fmuTestExtent.Services -->
