<?xml version="1.0" encoding="UTF-8"?>
<!-- Generated by org.testng.reporters.JUnitReportReporter -->
<testsuite skipped="0" hostname="Darshans-MacBook-Pro.local" name="fmuTestExtent.PublicDashboard" tests="4" failures="0" timestamp="24 Jul 2019 15:46:30 GMT" time="61.916" errors="0">
  <testcase name="clickOnArrow" time="1.113" classname="fmuTestExtent.PublicDashboard"/>
  <testcase name="clickOn_Ir_Para_O_LogIn" time="1.202" classname="fmuTestExtent.PublicDashboard"/>
  <testcase name="credentials_Enter_LogIn" time="41.186" classname="fmuTestExtent.PublicDashboard"/>
  <testcase name="clickOn_Li_e_concordo" time="18.415" classname="fmuTestExtent.PublicDashboard"/>
</testsuite> <!-- fmuTestExtent.PublicDashboard -->
