<?xml version="1.0" encoding="UTF-8"?>
<!-- Generated by org.testng.reporters.JUnitReportReporter -->
<testsuite skipped="4" hostname="Darshans-MBP" name="fmuTestExtent.Finance" tests="4" failures="0" timestamp="25 Nov 2019 18:21:46 GMT" time="0.000" errors="0">
  <testcase name="clickOn_Finance" time="0.000" classname="fmuTestExtent.Finance">
    <skipped/>
  </testcase> <!-- clickOn_Finance -->
  <testcase name="clickOn_Download_Receipt" time="0.000" classname="fmuTestExtent.Finance">
    <skipped/>
  </testcase> <!-- clickOn_Download_Receipt -->
  <testcase name="clickOn_Close_PopUp_Finance" time="0.000" classname="fmuTestExtent.Finance">
    <skipped/>
  </testcase> <!-- clickOn_Close_PopUp_Finance -->
  <testcase name="clickOn_Paid" time="0.000" classname="fmuTestExtent.Finance">
    <skipped/>
  </testcase> <!-- clickOn_Paid -->
</testsuite> <!-- fmuTestExtent.Finance -->
