<?xml version="1.0" encoding="UTF-8"?>
<!-- Generated by org.testng.reporters.JUnitReportReporter -->
<testsuite skipped="2" hostname="Darshans-MBP" name="fmuTestExtent.Avisos" tests="2" failures="0" timestamp="25 Nov 2019 18:21:46 GMT" time="0.000" errors="0">
  <testcase name="click_On_Avisos" time="0.000" classname="fmuTestExtent.Avisos">
    <skipped/>
  </testcase> <!-- click_On_Avisos -->
  <testcase name="click_On_OneOf_Avisos" time="0.000" classname="fmuTestExtent.Avisos">
    <skipped/>
  </testcase> <!-- click_On_OneOf_Avisos -->
</testsuite> <!-- fmuTestExtent.Avisos -->
